[00:00:00.065,000] <inf> [  0 main] LSM6DSO: Initialize device lsm6dso32@6b
[00:00:00.066,000] <inf> [  0 main] LSM6DSO: chip id 0x6c
*** Booting AURORA 3638fc57328a ***
[00:00:00.167,000] <inf> [  0 main] main: Auxspace AURORA 0.2.1
[00:00:00.193,000] <inf> [  0 main] powerfail: powerfail mitigation ready on gpio@60004000 pin 0
[00:00:00.208,000] <inf> [  6 state_machine] state_audit: State machine audit file created: /MMC:/state/audit.10
[00:00:00.213,000] <inf> [  6 state_machine] state_audit: 194200000    event        IDLE         state machine initialized
[00:00:00.225,000] <inf> [  7 imu_polling] main: IMU ready
[00:00:00.226,000] <inf> [  7 baro_polling] main: Baro ready
[00:03:54.027,000] <inf> [  6 state_machine] state_audit: 234024200000 transition   IDLE         ARMED
[00:03:54.038,000] <inf> [  6 state_machine] main: Armed pyro0 channel 0
[00:03:54.038,000] <inf> [  6 state_machine] main: Armed pyro0 channel 1
[00:03:56.069,000] <inf> [  6 state_machine] attitude: Attitude calibrated: n=200 g_mag=9.726 g_b=[0.00 -1.00 0.00]
[00:03:56.819,000] <inf> [  6 state_machine] state_audit: 236816400000 event        ARMED        orientation below threshold
[00:03:56.825,000] <inf> [  6 state_machine] state_audit: 236824000000 transition   ARMED        IDLE
[00:03:56.832,000] <inf> [  6 state_machine] main: Disarmed pyro0 channel 0
[00:03:56.832,000] <inf> [  6 state_machine] main: Disarmed pyro0 channel 1
[00:07:44.690,000] <inf> [  6 state_machine] state_audit: 464688200000 transition   IDLE         ARMED
[00:07:44.696,000] <inf> [  6 state_machine] main: Armed pyro0 channel 0
[00:07:44.696,000] <inf> [  6 state_machine] main: Armed pyro0 channel 1
[00:07:46.378,000] <inf> [  6 state_machine] state_audit: 466375800000 event        ARMED        orientation below threshold
[00:07:46.384,000] <inf> [  6 state_machine] state_audit: 466383100000 transition   ARMED        IDLE
[00:07:46.387,000] <inf> [  6 state_machine] main: Disarmed pyro0 channel 0
[00:07:46.387,000] <inf> [  6 state_machine] main: Disarmed pyro0 channel 1
[00:11:24.119,000] <inf> [  6 state_machine] state_audit: 684115300000 transition   IDLE         ARMED
[00:11:24.127,000] <inf> [  6 state_machine] main: Armed pyro0 channel 0
[00:11:24.127,000] <inf> [  6 state_machine] main: Armed pyro0 channel 1
[00:11:26.161,000] <inf> [  6 state_machine] attitude: Attitude calibrated: n=200 g_mag=10.049 g_b=[0.00 -1.00 0.00]
[00:18:41.369,000] <inf> [  6 state_machine] state_audit: 1121367300000 event        ARMED        orientation and altitude threshold reached
[00:18:41.584,000] <inf> [  6 state_machine] state_audit: 1121582400000 event        ARMED        orientation, altitude and timing threshold reached
[00:18:41.590,000] <inf> [  6 state_machine] state_audit: 1121589700000 transition   ARMED        BOOST
[00:18:42.135,000] <inf> [  6 state_machine] state_audit: 1122133500000 transition   BOOST        BURNOUT
[00:18:44.346,000] <inf> [  6 state_machine] state_audit: 1124343300000 transition   BURNOUT      APOGEE
[00:18:44.355,000] <inf> [  6 state_machine] main: Triggered pyro0 channel 0
[00:18:44.355,000] <inf> [  6 state_machine] main: Charging pyro0 channel 1
[00:18:46.207,000] <inf> [  6 state_machine] state_audit: 1126205500000 transition   APOGEE       MAIN
[00:18:46.213,000] <inf> [  6 state_machine] main: Triggered pyro0 channel 1
[00:18:46.213,000] <inf> [  6 state_machine] main: Recharging pyro0 channel 1
[00:18:48.211,000] <inf> [  6 state_machine] state_audit: 1128209100000 transition   MAIN         REDUNDANT
[00:21:29.985,000] <inf> [  6 state_machine] state_audit: 1289981300000 transition   LANDED       IDLE
[00:21:29.990,000] <inf> [  6 state_machine] main: Disarmed pyro0 channel 0
[00:21:29.990,000] <inf> [  6 state_machine] main: Disarmed pyro0 channel 1
[00:21:30.994,000] <err> [ 14 logging] sdhc_spi: Bad data CRC
[00:21:33.972,000] <inf> [  6 state_machine] state_audit: 1293970200000 transition   IDLE         ARMED
[00:21:33.978,000] <inf> [  6 state_machine] main: Armed pyro0 channel 0
[00:21:33.978,000] <inf> [  6 state_machine] main: Armed pyro0 channel 1
[00:21:34.954,000] <inf> [  6 state_machine] state_audit: 1294952100000 event        ARMED        orientation below threshold
[00:21:34.960,000] <inf> [  6 state_machine] state_audit: 1294959500000 transition   ARMED        IDLE
[00:21:34.964,000] <inf> [  6 state_machine] main: Disarmed pyro0 channel 0
[00:21:34.964,000] <inf> [  6 state_machine] main: Disarmed pyro0 channel 1
